<?xml version="1.0" encoding="UTF-8"?>
<!-- Generated by org.testng.reporters.JUnitReportReporter -->
<testsuite skipped="0" hostname="LAPTOP-V1111BKP" name="demo03.Test_xemoto" tests="1" failures="0" timestamp="27 Jun 2018 03:45:03 GMT" time="8.567" errors="0">
  <testcase name="Launch_app" time="8.567" classname="demo03.Test_xemoto"/>
</testsuite> <!-- demo03.Test_xemoto -->
