<?xml version="1.0" encoding="UTF-8"?>
<!-- Generated by org.testng.reporters.JUnitReportReporter -->
<testsuite skipped="0" hostname="LAPTOP-V1111BKP" name="demo03.FirstTestNG" tests="2" failures="0" timestamp="29 Jun 2018 02:59:55 GMT" time="28.257" errors="0">
  <testcase name="Launch_app" time="13.736" classname="demo03.FirstTestNG"/>
  <testcase name="login_email" time="14.521" classname="demo03.FirstTestNG"/>
</testsuite> <!-- demo03.FirstTestNG -->
